app/build/outputs/mapping/release/mapping.txt
# compiler: R8
# compiler_version: 1.5.64
# min_api: 19
# pg_map_id: f525b1b
com.idevel.volunteer.BuildConfig -> com.idevel.volunteer.BuildConfig:
    1:1:void <init>():6:6 -> <init>
com.idevel.volunteer.Manifest -> com.idevel.volunteer.Manifest:
    1:1:void <init>():10:10 -> <init>
com.idevel.volunteer.Manifest$permission -> com.idevel.volunteer.Manifest$permission:
    1:1:void <init>():11:11 -> <init>
com.idevel.volunteer.MyApplication -> com.idevel.volunteer.MyApplication:
    1:1:void <clinit>():23:23 -> <clinit>
    2:2:void <clinit>():17:17 -> <clinit>
    1:1:void <init>():12:12 -> <init>
    2:2:void <init>():28:28 -> <init>
    1:1:com.idevel.volunteer.MyApplication access$getInstance$cp():12:12 -> access$getInstance$cp
    1:1:java.util.List access$getPERMISSIONS$cp():12:12 -> access$getPERMISSIONS$cp
    1:1:void access$setInstance$cp(com.idevel.volunteer.MyApplication):12:12 -> access$setInstance$cp
    1:1:void access$setPERMISSIONS$cp(java.util.List):12:12 -> access$setPERMISSIONS$cp
    1:1:boolean getInappTest():30:30 -> getInappTest
    1:1:boolean isChating():29:29 -> isChating
    1:1:boolean isGoogleMarket():28:28 -> isGoogleMarket
    1:1:void makeNotiChannel():43:43 -> makeNotiChannel
    2:2:void makeNotiChannel():46:46 -> makeNotiChannel
    3:3:void makeNotiChannel():49:49 -> makeNotiChannel
    4:4:void makeNotiChannel():54:54 -> makeNotiChannel
    5:5:void makeNotiChannel():58:58 -> makeNotiChannel
    6:6:void makeNotiChannel():60:60 -> makeNotiChannel
    7:7:void makeNotiChannel():43:43 -> makeNotiChannel
    1:2:void onCreate():33:34 -> onCreate
    3:4:void onCreate():36:37 -> onCreate
    1:1:void setChating(boolean):29:29 -> setChating
    1:1:void setGoogleMarket(boolean):28:28 -> setGoogleMarket
com.idevel.volunteer.MyApplication$Companion -> com.idevel.volunteer.MyApplication$Companion:
    1:1:void <init>():13:13 -> <init>
    2:2:void <init>(kotlin.jvm.internal.DefaultConstructorMarker):13:13 -> <init>
    1:1:com.idevel.volunteer.MyApplication getInstance():14:14 -> getInstance
    1:1:java.util.List getPERMISSIONS():17:17 -> getPERMISSIONS
    1:1:void setInstance(com.idevel.volunteer.MyApplication):14:14 -> setInstance
    1:1:void setPERMISSIONS(java.util.List):17:17 -> setPERMISSIONS
com.idevel.volunteer.R -> com.idevel.volunteer.R:
    1:1:void <init>():10:10 -> <init>
com.idevel.volunteer.R$anim -> com.idevel.volunteer.R$anim:
    1:1:void <init>():11:11 -> <init>
com.idevel.volunteer.R$animator -> com.idevel.volunteer.R$animator:
    1:1:void <init>():32:32 -> <init>
com.idevel.volunteer.R$attr -> com.idevel.volunteer.R$attr:
    1:1:void <init>():44:44 -> <init>
com.idevel.volunteer.R$bool -> com.idevel.volunteer.R$bool:
    1:1:void <init>():4993:4993 -> <init>
com.idevel.volunteer.R$color -> com.idevel.volunteer.R$color:
    1:1:void <init>():4999:4999 -> <init>
com.idevel.volunteer.R$dimen -> com.idevel.volunteer.R$dimen:
    1:1:void <init>():5145:5145 -> <init>
com.idevel.volunteer.R$drawable -> com.idevel.volunteer.R$drawable:
    1:1:void <init>():8223:8223 -> <init>
com.idevel.volunteer.R$id -> com.idevel.volunteer.R$id:
    1:1:void <init>():8398:8398 -> <init>
com.idevel.volunteer.R$integer -> com.idevel.volunteer.R$integer:
    1:1:void <init>():8671:8671 -> <init>
com.idevel.volunteer.R$interpolator -> com.idevel.volunteer.R$interpolator:
    1:1:void <init>():8689:8689 -> <init>
com.idevel.volunteer.R$layout -> com.idevel.volunteer.R$layout:
    1:1:void <init>():8695:8695 -> <init>
com.idevel.volunteer.R$mipmap -> com.idevel.volunteer.R$mipmap:
    1:1:void <init>():8771:8771 -> <init>
com.idevel.volunteer.R$string -> com.idevel.volunteer.R$string:
    1:1:void <init>():8777:8777 -> <init>
com.idevel.volunteer.R$style -> com.idevel.volunteer.R$style:
    1:1:void <init>():8902:8902 -> <init>
...
androidx.core.app.SharedElementCallback$OnSharedElementsReadyListener -> androidx.core.app.l$a:
androidx.core.app.TaskStackBuilder -> androidx.core.app.m:
    android.content.Context mSourceContext -> c
    java.util.ArrayList mIntents -> b
    1:1:void <init>(android.content.Context):82:82 -> <init>
    2:2:void <init>(android.content.Context):79:79 -> <init>
    3:3:void <init>(android.content.Context):83:83 -> <init>
    1:1:androidx.core.app.TaskStackBuilder create(android.content.Context):95:95 -> a
    2:2:androidx.core.app.TaskStackBuilder addNextIntent(android.content.Intent):121:121 -> a
    3:4:androidx.core.app.TaskStackBuilder addParentStack(android.app.Activity):160:161 -> a
    5:5:androidx.core.app.TaskStackBuilder addParentStack(android.app.Activity):164:164 -> a
    6:6:androidx.core.app.TaskStackBuilder addParentStack(android.app.Activity):170:170 -> a
    7:7:androidx.core.app.TaskStackBuilder addParentStack(android.app.Activity):172:172 -> a
    8:9:androidx.core.app.TaskStackBuilder addParentStack(android.app.Activity):174:175 -> a
    10:10:androidx.core.app.TaskStackBuilder addParentStack(android.content.ComponentName):201:201 -> a
    11:11:androidx.core.app.TaskStackBuilder addParentStack(android.content.ComponentName):203:203 -> a
    12:13:androidx.core.app.TaskStackBuilder addParentStack(android.content.ComponentName):205:206 -> a
    14:15:androidx.core.app.TaskStackBuilder addParentStack(android.content.ComponentName):209:210 -> a
    16:16:void startActivities():268:268 -> a
    17:17:void startActivities(android.os.Bundle):283:283 -> a
androidx.core.app.TaskStackBuilder$SupportParentable -> androidx.core.app.m$a:
androidx.core.content.ContextCompat -> c.g.e.a:
    android.util.TypedValue sTempValue -> b
    java.lang.Object sLock -> a
    1:1:void <clinit>():150:150 -> <clinit>
    1:2:boolean startActivities(android.content.Context,android.content.Intent[],android.os.Bundle):220:221 -> a
    3:3:boolean startActivities(android.content.Context,android.content.Intent[],android.os.Bundle):223:223 -> a
    4:5:void startActivity(android.content.Context,android.content.Intent,android.os.Bundle):247:248 -> a
    6:6:void startActivity(android.content.Context,android.content.Intent,android.os.Bundle):250:250 -> a
    7:8:int getColor(android.content.Context,int):522:523 -> a
    9:9:int getColor(android.content.Context,int):525:525 -> a
    10:10:int checkSelfPermission(android.content.Context,java.lang.String):544:544 -> a
    11:11:int checkSelfPermission(android.content.Context,java.lang.String):541:541 -> a
    12:13:java.io.File getNoBackupFilesDir(android.content.Context):563:564 -> a
    14:15:java.io.File getNoBackupFilesDir(android.content.Context):566:567 -> a
    16:18:java.io.File createFilesDir(java.io.File):596:598 -> a
    19:19:java.io.File createFilesDir(java.io.File):600:600 -> a
    20:21:java.io.File createFilesDir(java.io.File):602:603 -> a
    22:22:java.io.File createFilesDir(java.io.File):606:606 -> a
    1:2:android.content.res.ColorStateList getColorStateList(android.content.Context,int):500:501 -> b
androidx.core.content.PermissionChecker -> c.g.e.b:
    1:1:int checkPermission(android.content.Context,java.lang.String,int,int,java.lang.String):97:97 -> a
    2:2:int checkPermission(android.content.Context,java.lang.String,int,int,java.lang.String):101:101 -> a
    3:4:int checkPermission(android.content.Context,java.lang.String,int,int,java.lang.String):107:108 -> a
    5:5:int checkPermission(android.content.Context,java.lang.String,int,int,java.lang.String):111:111 -> a
    6:6:int checkPermission(android.content.Context,java.lang.String,int,int,java.lang.String):114:114 -> a
    7:8:int checkSelfPermission(android.content.Context,java.lang.String):134:135 -> a
    9:9:int checkSelfPermission(android.content.Context,java.lang.String):134:134 -> a